<?xml version="1.0" encoding="UTF-8"?>
<testsuite name="TicTacToeTest" tests="1" skipped="0" failures="1" errors="0" timestamp="2022-08-16T18:08:32" hostname="Jakubs-MacBook-Pro.local" time="0.128">
  <properties/>
  <testcase name="start" classname="TicTacToeTest" time="0.128">
    <failure message="java.lang.AssertionError: Wrong answer in test #1&#10;&#10;No fields found&#10;&#10;Please find below the output of your program during this failed test.&#10;Note that the '&gt;' character indicates the beginning of the input line.&#10;&#10;---&#10;&#10;---------&#10;| ? ? ? |&#10;| ? ? ? |&#10;| ? ? ? |&#10;---------&#10;Enter coordinates&#10;&gt; 3 1&#10;---------&#10;| ? ? ? |&#10;| ? ? ? |&#10;| X ? ? |&#10;---------&#10;Enter coordinates&#10;&gt; 4 3&#10;Coordinates should be from 1 to 3!&#10;&gt; 3 3&#10;---------&#10;| ? ? ? |&#10;| ? ? ? |&#10;| X ? O |&#10;---------&#10;Enter coordinates&#10;&gt; 4 2&#10;Coordinates should be from 1 to 3!&#10;&gt; 3 4&#10;Coordinates should be from 1 to 3!&#10;&gt; 4 1&#10;Coordinates should be from 1 to 3!&#10;&gt; 4 1&#10;Coordinates should be from 1 to 3!&#10;&gt; 3 2&#10;---------&#10;| ? ? ? |&#10;| ? ? ? |&#10;| X X O |&#10;---------&#10;Enter coordinates&#10;&gt; 3 2&#10;This cell is occupied! Choose another one!&#10;&gt; 3 3&#10;This cell is occupied! Choose another one!&#10;&gt; 1 1&#10;---------&#10;| O ? ? |&#10;| ? ? ? |&#10;| X X O |&#10;---------&#10;Enter coordinates&#10;&gt; 1 2&#10;---------&#10;| O X ? |&#10;| ? ? ? |&#10;| X X O |&#10;---------&#10;Enter coordinates&#10;&gt; 1 3&#10;---------&#10;| O X O |&#10;| ? ? ? |&#10;| X X O |&#10;---------&#10;Enter coordinates&#10;&gt; 2 1&#10;---------&#10;| O X O |&#10;| X ? ? |&#10;| X X O |&#10;---------&#10;Enter coordinates&#10;&gt; 2 2&#10;---------&#10;| O X O |&#10;| X O ? |&#10;| X X O |&#10;---------&#10;O wins" type="java.lang.AssertionError">java.lang.AssertionError: Wrong answer in test #1

No fields found

Please find below the output of your program during this failed test.
Note that the '&gt;' character indicates the beginning of the input line.

---

---------
| ? ? ? |
| ? ? ? |
| ? ? ? |
---------
Enter coordinates
&gt; 3 1
---------
| ? ? ? |
| ? ? ? |
| X ? ? |
---------
Enter coordinates
&gt; 4 3
Coordinates should be from 1 to 3!
&gt; 3 3
---------
| ? ? ? |
| ? ? ? |
| X ? O |
---------
Enter coordinates
&gt; 4 2
Coordinates should be from 1 to 3!
&gt; 3 4
Coordinates should be from 1 to 3!
&gt; 4 1
Coordinates should be from 1 to 3!
&gt; 4 1
Coordinates should be from 1 to 3!
&gt; 3 2
---------
| ? ? ? |
| ? ? ? |
| X X O |
---------
Enter coordinates
&gt; 3 2
This cell is occupied! Choose another one!
&gt; 3 3
This cell is occupied! Choose another one!
&gt; 1 1
---------
| O ? ? |
| ? ? ? |
| X X O |
---------
Enter coordinates
&gt; 1 2
---------
| O X ? |
| ? ? ? |
| X X O |
---------
Enter coordinates
&gt; 1 3
---------
| O X O |
| ? ? ? |
| X X O |
---------
Enter coordinates
&gt; 2 1
---------
| O X O |
| X ? ? |
| X X O |
---------
Enter coordinates
&gt; 2 2
---------
| O X O |
| X O ? |
| X X O |
---------
O wins
	at org.junit.Assert.fail(Assert.java:88)
	at org.hyperskill.hstest.stage.StageTest.start(StageTest.java:155)
	at java.base/jdk.internal.reflect.NativeMethodAccessorImpl.invoke0(Native Method)
	at java.base/jdk.internal.reflect.NativeMethodAccessorImpl.invoke(NativeMethodAccessorImpl.java:77)
	at java.base/jdk.internal.reflect.DelegatingMethodAccessorImpl.invoke(DelegatingMethodAccessorImpl.java:43)
	at java.base/java.lang.reflect.Method.invoke(Method.java:568)
	at org.junit.runners.model.FrameworkMethod$1.runReflectiveCall(FrameworkMethod.java:50)
	at org.junit.internal.runners.model.ReflectiveCallable.run(ReflectiveCallable.java:12)
	at org.junit.runners.model.FrameworkMethod.invokeExplosively(FrameworkMethod.java:47)
	at org.junit.internal.runners.statements.InvokeMethod.evaluate(InvokeMethod.java:17)
	at org.junit.runners.ParentRunner.runLeaf(ParentRunner.java:325)
	at org.junit.runners.BlockJUnit4ClassRunner.runChild(BlockJUnit4ClassRunner.java:78)
	at org.junit.runners.BlockJUnit4ClassRunner.runChild(BlockJUnit4ClassRunner.java:57)
	at org.junit.runners.ParentRunner$3.run(ParentRunner.java:290)
	at org.junit.runners.ParentRunner$1.schedule(ParentRunner.java:71)
	at org.junit.runners.ParentRunner.runChildren(ParentRunner.java:288)
	at org.junit.runners.ParentRunner.access$000(ParentRunner.java:58)
	at org.junit.runners.ParentRunner$2.evaluate(ParentRunner.java:268)
	at org.junit.runners.ParentRunner.run(ParentRunner.java:363)
	at org.gradle.api.internal.tasks.testing.junit.JUnitTestClassExecutor.runTestClass(JUnitTestClassExecutor.java:110)
	at org.gradle.api.internal.tasks.testing.junit.JUnitTestClassExecutor.execute(JUnitTestClassExecutor.java:58)
	at org.gradle.api.internal.tasks.testing.junit.JUnitTestClassExecutor.execute(JUnitTestClassExecutor.java:38)
	at org.gradle.api.internal.tasks.testing.junit.AbstractJUnitTestClassProcessor.processTestClass(AbstractJUnitTestClassProcessor.java:62)
	at org.gradle.api.internal.tasks.testing.SuiteTestClassProcessor.processTestClass(SuiteTestClassProcessor.java:51)
	at java.base/jdk.internal.reflect.NativeMethodAccessorImpl.invoke0(Native Method)
	at java.base/jdk.internal.reflect.NativeMethodAccessorImpl.invoke(NativeMethodAccessorImpl.java:77)
	at java.base/jdk.internal.reflect.DelegatingMethodAccessorImpl.invoke(DelegatingMethodAccessorImpl.java:43)
	at java.base/java.lang.reflect.Method.invoke(Method.java:568)
	at org.gradle.internal.dispatch.ReflectionDispatch.dispatch(ReflectionDispatch.java:36)
	at org.gradle.internal.dispatch.ReflectionDispatch.dispatch(ReflectionDispatch.java:24)
	at org.gradle.internal.dispatch.ContextClassLoaderDispatch.dispatch(ContextClassLoaderDispatch.java:33)
	at org.gradle.internal.dispatch.ProxyDispatchAdapter$DispatchingInvocationHandler.invoke(ProxyDispatchAdapter.java:94)
	at jdk.proxy1/jdk.proxy1.$Proxy2.processTestClass(Unknown Source)
	at org.gradle.api.internal.tasks.testing.worker.TestWorker$2.run(TestWorker.java:176)
	at org.gradle.api.internal.tasks.testing.worker.TestWorker.executeAndMaintainThreadName(TestWorker.java:129)
	at org.gradle.api.internal.tasks.testing.worker.TestWorker.execute(TestWorker.java:100)
	at org.gradle.api.internal.tasks.testing.worker.TestWorker.execute(TestWorker.java:60)
	at org.gradle.process.internal.worker.child.ActionExecutionWorker.execute(ActionExecutionWorker.java:56)
	at org.gradle.process.internal.worker.child.SystemApplicationClassLoaderWorker.call(SystemApplicationClassLoaderWorker.java:133)
	at org.gradle.process.internal.worker.child.SystemApplicationClassLoaderWorker.call(SystemApplicationClassLoaderWorker.java:71)
	at worker.org.gradle.process.internal.worker.GradleWorkerMain.run(GradleWorkerMain.java:69)
	at worker.org.gradle.process.internal.worker.GradleWorkerMain.main(GradleWorkerMain.java:74)
</failure>
  </testcase>
  <system-out><![CDATA[?[1;31m
Start test 1?[0m
---------
| ? ? ? |
| ? ? ? |
| ? ? ? |
---------
Enter coordinates
> 3 1
---------
| ? ? ? |
| ? ? ? |
| X ? ? |
---------
Enter coordinates
> 4 3
Coordinates should be from 1 to 3!
> 3 3
---------
| ? ? ? |
| ? ? ? |
| X ? O |
---------
Enter coordinates
> 4 2
Coordinates should be from 1 to 3!
> 3 4
Coordinates should be from 1 to 3!
> 4 1
Coordinates should be from 1 to 3!
> 4 1
Coordinates should be from 1 to 3!
> 3 2
---------
| ? ? ? |
| ? ? ? |
| X X O |
---------
Enter coordinates
> 3 2
This cell is occupied! Choose another one!
> 3 3
This cell is occupied! Choose another one!
> 1 1
---------
| O ? ? |
| ? ? ? |
| X X O |
---------
Enter coordinates
> 1 2
---------
| O X ? |
| ? ? ? |
| X X O |
---------
Enter coordinates
> 1 3
---------
| O X O |
| ? ? ? |
| X X O |
---------
Enter coordinates
> 2 1
---------
| O X O |
| X ? ? |
| X X O |
---------
Enter coordinates
> 2 2
---------
| O X O |
| X O ? |
| X X O |
---------
O wins
]]></system-out>
  <system-err><![CDATA[]]></system-err>
</testsuite>
